{"C:\\Users\\HPADMIN\\Desktop\\UI\\src\\components\\Page\\index.tsx": {"path":"C:\\Users\\HPADMIN\\Desktop\\UI\\src\\components\\Page\\index.tsx","statementMap":{"0":{"start":{"line":4,"column":34},"end":{"line":11,"column":1}},"1":{"start":{"line":5,"column":2},"end":{"line":10,"column":3}}},"fnMap":{"0":{"name":"(anonymous_0)","decl":{"start":{"line":4,"column":34},"end":{"line":4,"column":35}},"loc":{"start":{"line":4,"column":57},"end":{"line":11,"column":1}},"line":4}},"branchMap":{},"s":{"0":1,"1":1},"f":{"0":1},"b":{},"_coverageSchema":"1a1c01bbd47fc00a2c39e90264f33305004495a9","hash":"433ab148de110f1ad645b9b28e7c43b5da92f22c"}
}
